#! /c/Source/iverilog-install/bin/vvp
:ivl_version "12.0 (devel)" "(s20150603-1539-g2693dd32b)";
:ivl_delay_selection "TYPICAL";
:vpi_time_precision + 0;
:vpi_module "C:\iverilog\lib\ivl\system.vpi";
:vpi_module "C:\iverilog\lib\ivl\vhdl_sys.vpi";
:vpi_module "C:\iverilog\lib\ivl\vhdl_textio.vpi";
:vpi_module "C:\iverilog\lib\ivl\v2005_math.vpi";
:vpi_module "C:\iverilog\lib\ivl\va_math.vpi";
:vpi_module "C:\iverilog\lib\ivl\v2009.vpi";
S_00000292e13a5d20 .scope package, "$unit" "$unit" 2 1;
 .timescale 0 0;
S_00000292e13a5eb0 .scope module, "tb_cpu_core" "tb_cpu_core" 3 1;
 .timescale 0 0;
v00000292e1412830_0 .var "clk", 0 0;
v00000292e1411cf0_0 .net "final_result", 31 0, v00000292e13834f0_0;  1 drivers
v00000292e1411f70_0 .var "rst", 0 0;
S_00000292e139feb0 .scope module, "dut" "cpu_core" 3 9, 4 1 0, S_00000292e13a5eb0;
 .timescale 0 0;
    .port_info 0 /INPUT 1 "clk";
    .port_info 1 /INPUT 1 "rst";
    .port_info 2 /OUTPUT 32 "final_result";
v00000292e140f8b0_0 .net "alu_op_connect", 4 0, v00000292e140fef0_0;  1 drivers
v00000292e140f950_0 .net "clk", 0 0, v00000292e1412830_0;  1 drivers
v00000292e140fe50_0 .net "final_result", 31 0, v00000292e13834f0_0;  alias, 1 drivers
v00000292e140f9f0_0 .net "instruction", 31 0, L_00000292e137f500;  1 drivers
v00000292e140fa90_0 .net "pc", 31 0, v00000292e140ec30_0;  1 drivers
v00000292e1412650_0 .net "reg1_data", 31 0, L_00000292e1411bb0;  1 drivers
v00000292e1412c90_0 .net "reg2_data", 31 0, L_00000292e1413190;  1 drivers
v00000292e1411930_0 .net "rst", 0 0, v00000292e1411f70_0;  1 drivers
v00000292e1411b10_0 .var "write_enable", 0 0;
L_00000292e14130f0 .part L_00000292e137f500, 0, 7;
L_00000292e14121f0 .part L_00000292e137f500, 12, 3;
L_00000292e1412fb0 .part L_00000292e137f500, 25, 7;
L_00000292e1411ed0 .part L_00000292e137f500, 15, 5;
L_00000292e1412dd0 .part L_00000292e137f500, 20, 5;
L_00000292e14117f0 .part L_00000292e137f500, 7, 5;
S_00000292e13a0040 .scope module, "my_alu" "alu" 4 49, 5 1 0, S_00000292e139feb0;
 .timescale 0 0;
    .port_info 0 /INPUT 32 "A";
    .port_info 1 /INPUT 32 "B";
    .port_info 2 /INPUT 5 "M_control";
    .port_info 3 /OUTPUT 32 "Result";
    .port_info 4 /OUTPUT 1 "Cout";
    .port_info 5 /OUTPUT 1 "V";
L_00000292e137f730 .functor XOR 32, L_00000292e1413190, L_00000292e1411c50, C4<00000000000000000000000000000000>, C4<00000000000000000000000000000000>;
L_00000292e137f650 .functor AND 32, L_00000292e1411bb0, L_00000292e137f730, C4<11111111111111111111111111111111>, C4<11111111111111111111111111111111>;
L_00000292e137ff80 .functor XOR 32, L_00000292e1411bb0, L_00000292e137f730, C4<00000000000000000000000000000000>, C4<00000000000000000000000000000000>;
L_00000292e137f5e0 .functor XOR 32, L_00000292e137ff80, L_00000292e1411890, C4<00000000000000000000000000000000>, C4<00000000000000000000000000000000>;
v00000292e1383e50_0 .net "A", 31 0, L_00000292e1411bb0;  alias, 1 drivers
v00000292e1383db0_0 .net "B", 31 0, L_00000292e1413190;  alias, 1 drivers
v00000292e1382ff0_0 .net "B_sub", 31 0, L_00000292e137f730;  1 drivers
v00000292e1383090_0 .var "C", 32 0;
v00000292e1383130_0 .var "Cout", 0 0;
v00000292e1383770_0 .net "G", 31 0, L_00000292e137f650;  1 drivers
v00000292e1383270_0 .net "M_control", 4 0, v00000292e140fef0_0;  alias, 1 drivers
v00000292e1383310_0 .net "P", 31 0, L_00000292e137ff80;  1 drivers
v00000292e13834f0_0 .var "Result", 31 0;
v00000292e140f270_0 .net "Sub", 0 0, L_00000292e14123d0;  1 drivers
v00000292e140e910_0 .var "V", 0 0;
L_00000292e14402c8 .functor BUFT 1, C4<00001>, C4<0>, C4<0>, C4<0>;
v00000292e140e5f0_0 .net/2u *"_ivl_0", 4 0, L_00000292e14402c8;  1 drivers
v00000292e140e370_0 .net *"_ivl_13", 31 0, L_00000292e1411890;  1 drivers
v00000292e140ff90_0 .net *"_ivl_4", 31 0, L_00000292e1411c50;  1 drivers
v00000292e140fc70_0 .net "sum", 31 0, L_00000292e137f5e0;  1 drivers
E_00000292e137bb00 .event anyedge, v00000292e1383270_0, v00000292e140fc70_0, v00000292e1383e50_0, v00000292e1383db0_0;
E_00000292e137c180/0 .event anyedge, v00000292e140f270_0, v00000292e1383770_0, v00000292e1383310_0, v00000292e1383090_0;
E_00000292e137c180/1 .event anyedge, v00000292e1383130_0;
E_00000292e137c180 .event/or E_00000292e137c180/0, E_00000292e137c180/1;
L_00000292e14123d0 .cmp/eq 5, v00000292e140fef0_0, L_00000292e14402c8;
LS_00000292e1411c50_0_0 .concat [ 1 1 1 1], L_00000292e14123d0, L_00000292e14123d0, L_00000292e14123d0, L_00000292e14123d0;
LS_00000292e1411c50_0_4 .concat [ 1 1 1 1], L_00000292e14123d0, L_00000292e14123d0, L_00000292e14123d0, L_00000292e14123d0;
LS_00000292e1411c50_0_8 .concat [ 1 1 1 1], L_00000292e14123d0, L_00000292e14123d0, L_00000292e14123d0, L_00000292e14123d0;
LS_00000292e1411c50_0_12 .concat [ 1 1 1 1], L_00000292e14123d0, L_00000292e14123d0, L_00000292e14123d0, L_00000292e14123d0;
LS_00000292e1411c50_0_16 .concat [ 1 1 1 1], L_00000292e14123d0, L_00000292e14123d0, L_00000292e14123d0, L_00000292e14123d0;
LS_00000292e1411c50_0_20 .concat [ 1 1 1 1], L_00000292e14123d0, L_00000292e14123d0, L_00000292e14123d0, L_00000292e14123d0;
LS_00000292e1411c50_0_24 .concat [ 1 1 1 1], L_00000292e14123d0, L_00000292e14123d0, L_00000292e14123d0, L_00000292e14123d0;
LS_00000292e1411c50_0_28 .concat [ 1 1 1 1], L_00000292e14123d0, L_00000292e14123d0, L_00000292e14123d0, L_00000292e14123d0;
LS_00000292e1411c50_1_0 .concat [ 4 4 4 4], LS_00000292e1411c50_0_0, LS_00000292e1411c50_0_4, LS_00000292e1411c50_0_8, LS_00000292e1411c50_0_12;
LS_00000292e1411c50_1_4 .concat [ 4 4 4 4], LS_00000292e1411c50_0_16, LS_00000292e1411c50_0_20, LS_00000292e1411c50_0_24, LS_00000292e1411c50_0_28;
L_00000292e1411c50 .concat [ 16 16 0 0], LS_00000292e1411c50_1_0, LS_00000292e1411c50_1_4;
L_00000292e1411890 .part v00000292e1383090_0, 0, 32;
S_00000292e139de10 .scope begin, "$ivl_for_loop0" "$ivl_for_loop0" 5 26, 5 26 0, S_00000292e13a0040;
 .timescale 0 0;
v00000292e1383c70_0 .var/i "i", 31 0;
S_00000292e139dfa0 .scope module, "my_decoder" "instruction_decoder" 4 29, 6 1 0, S_00000292e139feb0;
 .timescale 0 0;
    .port_info 0 /INPUT 7 "opcode";
    .port_info 1 /INPUT 3 "funct3";
    .port_info 2 /INPUT 7 "funct7";
    .port_info 3 /OUTPUT 5 "alu_op";
P_00000292e1391fd0 .param/l "ADD" 1 6 9, C4<00000>;
P_00000292e1392008 .param/l "AND" 1 6 11, C4<00010>;
P_00000292e1392040 .param/l "OR" 1 6 12, C4<00011>;
P_00000292e1392078 .param/l "SLL" 1 6 14, C4<00101>;
P_00000292e13920b0 .param/l "SLT" 1 6 17, C4<01000>;
P_00000292e13920e8 .param/l "SLTU" 1 6 18, C4<01001>;
P_00000292e1392120 .param/l "SRA" 1 6 16, C4<00111>;
P_00000292e1392158 .param/l "SRL" 1 6 15, C4<00110>;
P_00000292e1392190 .param/l "SUB" 1 6 10, C4<00001>;
P_00000292e13921c8 .param/l "XOR" 1 6 13, C4<00100>;
v00000292e140fef0_0 .var "alu_op", 4 0;
v00000292e140e550_0 .net "funct3", 2 0, L_00000292e14121f0;  1 drivers
v00000292e140f310_0 .net "funct7", 6 0, L_00000292e1412fb0;  1 drivers
v00000292e140fb30_0 .net "opcode", 6 0, L_00000292e14130f0;  1 drivers
E_00000292e137c140 .event anyedge, v00000292e140fb30_0, v00000292e140e550_0, v00000292e140f310_0;
S_00000292e1392210 .scope module, "my_instruction_memory" "instruction_memory" 4 23, 7 1 0, S_00000292e139feb0;
 .timescale 0 0;
    .port_info 0 /INPUT 32 "pc";
    .port_info 1 /OUTPUT 32 "instruction_out";
L_00000292e137f500 .functor BUFZ 32, L_00000292e1412d30, C4<00000000000000000000000000000000>, C4<00000000000000000000000000000000>, C4<00000000000000000000000000000000>;
v00000292e140e410_0 .net *"_ivl_0", 31 0, L_00000292e1412d30;  1 drivers
v00000292e140e4b0_0 .net *"_ivl_3", 7 0, L_00000292e1412290;  1 drivers
v00000292e140e690_0 .net *"_ivl_4", 9 0, L_00000292e1413050;  1 drivers
L_00000292e14400d0 .functor BUFT 1, C4<00>, C4<0>, C4<0>, C4<0>;
v00000292e1410170_0 .net *"_ivl_7", 1 0, L_00000292e14400d0;  1 drivers
v00000292e140e730_0 .net "instruction_out", 31 0, L_00000292e137f500;  alias, 1 drivers
v00000292e140ee10 .array "memory", 255 0, 31 0;
v00000292e1410210_0 .net "pc", 31 0, v00000292e140ec30_0;  alias, 1 drivers
L_00000292e1412d30 .array/port v00000292e140ee10, L_00000292e1413050;
L_00000292e1412290 .part v00000292e140ec30_0, 2, 8;
L_00000292e1413050 .concat [ 8 2 0 0], L_00000292e1412290, L_00000292e14400d0;
S_00000292e138c1d0 .scope begin, "$ivl_for_loop1" "$ivl_for_loop1" 7 12, 7 12 0, S_00000292e1392210;
 .timescale 0 0;
v00000292e14100d0_0 .var/2s "i", 31 0;
S_00000292e138c360 .scope module, "my_pc" "pc" 4 16, 8 1 0, S_00000292e139feb0;
 .timescale 0 0;
    .port_info 0 /INPUT 1 "clk";
    .port_info 1 /INPUT 1 "rst";
    .port_info 2 /OUTPUT 32 "pc";
L_00000292e1440088 .functor BUFT 1, C4<00000000000000000000000000000100>, C4<0>, C4<0>, C4<0>;
v00000292e140e7d0_0 .net/2u *"_ivl_0", 31 0, L_00000292e1440088;  1 drivers
v00000292e140e870_0 .net "clk", 0 0, v00000292e1412830_0;  alias, 1 drivers
v00000292e140ec30_0 .var "pc", 31 0;
v00000292e140eeb0_0 .net "pc_next", 31 0, L_00000292e1411570;  1 drivers
v00000292e140f6d0_0 .net "rst", 0 0, v00000292e1411f70_0;  alias, 1 drivers
E_00000292e137c6c0 .event posedge, v00000292e140f6d0_0, v00000292e140e870_0;
L_00000292e1411570 .arith/sum 32, v00000292e140ec30_0, L_00000292e1440088;
S_00000292e13b4900 .scope module, "my_register_file" "register_file" 4 37, 9 1 0, S_00000292e139feb0;
 .timescale 0 0;
    .port_info 0 /INPUT 1 "clk";
    .port_info 1 /INPUT 1 "we";
    .port_info 2 /INPUT 5 "rs1";
    .port_info 3 /INPUT 5 "rs2";
    .port_info 4 /INPUT 5 "rd";
    .port_info 5 /INPUT 32 "wd";
    .port_info 6 /OUTPUT 32 "rd1";
    .port_info 7 /OUTPUT 32 "rd2";
L_00000292e1440118 .functor BUFT 1, C4<00000>, C4<0>, C4<0>, C4<0>;
v00000292e140ecd0_0 .net/2u *"_ivl_0", 4 0, L_00000292e1440118;  1 drivers
L_00000292e14401a8 .functor BUFT 1, C4<00>, C4<0>, C4<0>, C4<0>;
v00000292e140eff0_0 .net *"_ivl_11", 1 0, L_00000292e14401a8;  1 drivers
L_00000292e14401f0 .functor BUFT 1, C4<00000>, C4<0>, C4<0>, C4<0>;
v00000292e140f090_0 .net/2u *"_ivl_14", 4 0, L_00000292e14401f0;  1 drivers
v00000292e140fbd0_0 .net *"_ivl_16", 0 0, L_00000292e1411610;  1 drivers
L_00000292e1440238 .functor BUFT 1, C4<00000000000000000000000000000000>, C4<0>, C4<0>, C4<0>;
v00000292e140f4f0_0 .net/2u *"_ivl_18", 31 0, L_00000292e1440238;  1 drivers
v00000292e140f1d0_0 .net *"_ivl_2", 0 0, L_00000292e1412970;  1 drivers
v00000292e140f130_0 .net *"_ivl_20", 31 0, L_00000292e1412470;  1 drivers
v00000292e1410030_0 .net *"_ivl_22", 6 0, L_00000292e14119d0;  1 drivers
L_00000292e1440280 .functor BUFT 1, C4<00>, C4<0>, C4<0>, C4<0>;
v00000292e140e9b0_0 .net *"_ivl_25", 1 0, L_00000292e1440280;  1 drivers
L_00000292e1440160 .functor BUFT 1, C4<00000000000000000000000000000000>, C4<0>, C4<0>, C4<0>;
v00000292e140f3b0_0 .net/2u *"_ivl_4", 31 0, L_00000292e1440160;  1 drivers
v00000292e140ea50_0 .net *"_ivl_6", 31 0, L_00000292e1411d90;  1 drivers
v00000292e140eaf0_0 .net *"_ivl_8", 6 0, L_00000292e1411e30;  1 drivers
v00000292e140f450_0 .net "clk", 0 0, v00000292e1412830_0;  alias, 1 drivers
v00000292e140eb90 .array "memory_array", 0 31, 31 0;
v00000292e140fd10_0 .net "rd", 4 0, L_00000292e14117f0;  1 drivers
v00000292e140f590_0 .net "rd1", 31 0, L_00000292e1411bb0;  alias, 1 drivers
v00000292e140ed70_0 .net "rd2", 31 0, L_00000292e1413190;  alias, 1 drivers
v00000292e140f630_0 .net "rs1", 4 0, L_00000292e1411ed0;  1 drivers
v00000292e140fdb0_0 .net "rs2", 4 0, L_00000292e1412dd0;  1 drivers
v00000292e140f770_0 .net "wd", 31 0, v00000292e13834f0_0;  alias, 1 drivers
v00000292e140f810_0 .net "we", 0 0, v00000292e1411b10_0;  1 drivers
E_00000292e137bbc0 .event posedge, v00000292e140e870_0;
L_00000292e1412970 .cmp/eq 5, L_00000292e1411ed0, L_00000292e1440118;
L_00000292e1411d90 .array/port v00000292e140eb90, L_00000292e1411e30;
L_00000292e1411e30 .concat [ 5 2 0 0], L_00000292e1411ed0, L_00000292e14401a8;
L_00000292e1411bb0 .functor MUXZ 32, L_00000292e1411d90, L_00000292e1440160, L_00000292e1412970, C4<>;
L_00000292e1411610 .cmp/eq 5, L_00000292e1412dd0, L_00000292e14401f0;
L_00000292e1412470 .array/port v00000292e140eb90, L_00000292e14119d0;
L_00000292e14119d0 .concat [ 5 2 0 0], L_00000292e1412dd0, L_00000292e1440280;
L_00000292e1413190 .functor MUXZ 32, L_00000292e1412470, L_00000292e1440238, L_00000292e1411610, C4<>;
S_00000292e13b4a90 .scope begin, "$ivl_for_loop2" "$ivl_for_loop2" 9 15, 9 15 0, S_00000292e13b4900;
 .timescale 0 0;
v00000292e140ef50_0 .var/2s "i", 31 0;
    .scope S_00000292e138c360;
T_0 ;
    %wait E_00000292e137c6c0;
    %load/vec4 v00000292e140f6d0_0;
    %flag_set/vec4 8;
    %jmp/0xz  T_0.0, 8;
    %pushi/vec4 0, 0, 32;
    %assign/vec4 v00000292e140ec30_0, 0;
    %jmp T_0.1;
T_0.0 ;
    %load/vec4 v00000292e140eeb0_0;
    %assign/vec4 v00000292e140ec30_0, 0;
T_0.1 ;
    %jmp T_0;
    .thread T_0;
    .scope S_00000292e1392210;
T_1 ;
    %pushi/vec4 5243027, 0, 32;
    %ix/load 4, 0, 0;
    %flag_set/imm 4, 0;
    %store/vec4a v00000292e140ee10, 4, 0;
    %pushi/vec4 7340307, 0, 32;
    %ix/load 4, 1, 0;
    %flag_set/imm 4, 0;
    %store/vec4a v00000292e140ee10, 4, 0;
    %pushi/vec4 2130355, 0, 32;
    %ix/load 4, 2, 0;
    %flag_set/imm 4, 0;
    %store/vec4a v00000292e140ee10, 4, 0;
    %fork t_1, S_00000292e138c1d0;
    %jmp t_0;
    .scope S_00000292e138c1d0;
t_1 ;
    %pushi/vec4 3, 0, 32;
    %store/vec4 v00000292e14100d0_0, 0, 32;
T_1.0 ;
    %load/vec4 v00000292e14100d0_0;
    %cmpi/s 256, 0, 32;
    %jmp/0xz T_1.1, 5;
    %pushi/vec4 51, 0, 32;
    %ix/getv/s 4, v00000292e14100d0_0;
    %store/vec4a v00000292e140ee10, 4, 0;
    ; show_stmt_assign_vector: Get l-value for compressed += operand
    %load/vec4 v00000292e14100d0_0;
    %pushi/vec4 1, 0, 32;
    %add;
    %cast2;
    %store/vec4 v00000292e14100d0_0, 0, 32;
    %jmp T_1.0;
T_1.1 ;
    %end;
    .scope S_00000292e1392210;
t_0 %join;
    %end;
    .thread T_1;
    .scope S_00000292e139dfa0;
T_2 ;
Ewait_0 .event/or E_00000292e137c140, E_0x0;
    %wait Ewait_0;
    %pushi/vec4 0, 0, 5;
    %store/vec4 v00000292e140fef0_0, 0, 5;
    %load/vec4 v00000292e140fb30_0;
    %dup/vec4;
    %pushi/vec4 51, 0, 7;
    %cmp/u;
    %jmp/1 T_2.0, 6;
    %dup/vec4;
    %pushi/vec4 19, 0, 7;
    %cmp/u;
    %jmp/1 T_2.1, 6;
    %dup/vec4;
    %pushi/vec4 3, 0, 7;
    %cmp/u;
    %jmp/1 T_2.2, 6;
    %dup/vec4;
    %pushi/vec4 35, 0, 7;
    %cmp/u;
    %jmp/1 T_2.3, 6;
    %dup/vec4;
    %pushi/vec4 99, 0, 7;
    %cmp/u;
    %jmp/1 T_2.4, 6;
    %jmp T_2.5;
T_2.0 ;
    %load/vec4 v00000292e140e550_0;
    %dup/vec4;
    %pushi/vec4 0, 0, 3;
    %cmp/u;
    %jmp/1 T_2.6, 6;
    %dup/vec4;
    %pushi/vec4 1, 0, 3;
    %cmp/u;
    %jmp/1 T_2.7, 6;
    %dup/vec4;
    %pushi/vec4 2, 0, 3;
    %cmp/u;
    %jmp/1 T_2.8, 6;
    %dup/vec4;
    %pushi/vec4 3, 0, 3;
    %cmp/u;
    %jmp/1 T_2.9, 6;
    %dup/vec4;
    %pushi/vec4 4, 0, 3;
    %cmp/u;
    %jmp/1 T_2.10, 6;
    %dup/vec4;
    %pushi/vec4 5, 0, 3;
    %cmp/u;
    %jmp/1 T_2.11, 6;
    %dup/vec4;
    %pushi/vec4 6, 0, 3;
    %cmp/u;
    %jmp/1 T_2.12, 6;
    %dup/vec4;
    %pushi/vec4 7, 0, 3;
    %cmp/u;
    %jmp/1 T_2.13, 6;
    %jmp T_2.14;
T_2.6 ;
    %load/vec4 v00000292e140f310_0;
    %dup/vec4;
    %pushi/vec4 0, 0, 7;
    %cmp/u;
    %jmp/1 T_2.15, 6;
    %dup/vec4;
    %pushi/vec4 32, 0, 7;
    %cmp/u;
    %jmp/1 T_2.16, 6;
    %jmp T_2.17;
T_2.15 ;
    %pushi/vec4 0, 0, 5;
    %store/vec4 v00000292e140fef0_0, 0, 5;
    %jmp T_2.17;
T_2.16 ;
    %pushi/vec4 1, 0, 5;
    %store/vec4 v00000292e140fef0_0, 0, 5;
    %jmp T_2.17;
T_2.17 ;
    %pop/vec4 1;
    %jmp T_2.14;
T_2.7 ;
    %pushi/vec4 5, 0, 5;
    %store/vec4 v00000292e140fef0_0, 0, 5;
    %jmp T_2.14;
T_2.8 ;
    %pushi/vec4 8, 0, 5;
    %store/vec4 v00000292e140fef0_0, 0, 5;
    %jmp T_2.14;
T_2.9 ;
    %pushi/vec4 9, 0, 5;
    %store/vec4 v00000292e140fef0_0, 0, 5;
    %jmp T_2.14;
T_2.10 ;
    %pushi/vec4 4, 0, 5;
    %store/vec4 v00000292e140fef0_0, 0, 5;
    %jmp T_2.14;
T_2.11 ;
    %load/vec4 v00000292e140f310_0;
    %dup/vec4;
    %pushi/vec4 0, 0, 7;
    %cmp/u;
    %jmp/1 T_2.18, 6;
    %dup/vec4;
    %pushi/vec4 32, 0, 7;
    %cmp/u;
    %jmp/1 T_2.19, 6;
    %jmp T_2.20;
T_2.18 ;
    %pushi/vec4 6, 0, 5;
    %store/vec4 v00000292e140fef0_0, 0, 5;
    %jmp T_2.20;
T_2.19 ;
    %pushi/vec4 7, 0, 5;
    %store/vec4 v00000292e140fef0_0, 0, 5;
    %jmp T_2.20;
T_2.20 ;
    %pop/vec4 1;
    %jmp T_2.14;
T_2.12 ;
    %pushi/vec4 3, 0, 5;
    %store/vec4 v00000292e140fef0_0, 0, 5;
    %jmp T_2.14;
T_2.13 ;
    %pushi/vec4 2, 0, 5;
    %store/vec4 v00000292e140fef0_0, 0, 5;
    %jmp T_2.14;
T_2.14 ;
    %pop/vec4 1;
    %jmp T_2.5;
T_2.1 ;
    %load/vec4 v00000292e140e550_0;
    %dup/vec4;
    %pushi/vec4 0, 0, 3;
    %cmp/u;
    %jmp/1 T_2.21, 6;
    %dup/vec4;
    %pushi/vec4 2, 0, 3;
    %cmp/u;
    %jmp/1 T_2.22, 6;
    %dup/vec4;
    %pushi/vec4 3, 0, 3;
    %cmp/u;
    %jmp/1 T_2.23, 6;
    %dup/vec4;
    %pushi/vec4 4, 0, 3;
    %cmp/u;
    %jmp/1 T_2.24, 6;
    %dup/vec4;
    %pushi/vec4 6, 0, 3;
    %cmp/u;
    %jmp/1 T_2.25, 6;
    %dup/vec4;
    %pushi/vec4 7, 0, 3;
    %cmp/u;
    %jmp/1 T_2.26, 6;
    %dup/vec4;
    %pushi/vec4 1, 0, 3;
    %cmp/u;
    %jmp/1 T_2.27, 6;
    %dup/vec4;
    %pushi/vec4 5, 0, 3;
    %cmp/u;
    %jmp/1 T_2.28, 6;
    %jmp T_2.29;
T_2.21 ;
    %pushi/vec4 0, 0, 5;
    %store/vec4 v00000292e140fef0_0, 0, 5;
    %jmp T_2.29;
T_2.22 ;
    %pushi/vec4 8, 0, 5;
    %store/vec4 v00000292e140fef0_0, 0, 5;
    %jmp T_2.29;
T_2.23 ;
    %pushi/vec4 9, 0, 5;
    %store/vec4 v00000292e140fef0_0, 0, 5;
    %jmp T_2.29;
T_2.24 ;
    %pushi/vec4 4, 0, 5;
    %store/vec4 v00000292e140fef0_0, 0, 5;
    %jmp T_2.29;
T_2.25 ;
    %pushi/vec4 3, 0, 5;
    %store/vec4 v00000292e140fef0_0, 0, 5;
    %jmp T_2.29;
T_2.26 ;
    %pushi/vec4 2, 0, 5;
    %store/vec4 v00000292e140fef0_0, 0, 5;
    %jmp T_2.29;
T_2.27 ;
    %pushi/vec4 5, 0, 5;
    %store/vec4 v00000292e140fef0_0, 0, 5;
    %jmp T_2.29;
T_2.28 ;
    %load/vec4 v00000292e140f310_0;
    %dup/vec4;
    %pushi/vec4 0, 0, 7;
    %cmp/u;
    %jmp/1 T_2.30, 6;
    %dup/vec4;
    %pushi/vec4 32, 0, 7;
    %cmp/u;
    %jmp/1 T_2.31, 6;
    %jmp T_2.32;
T_2.30 ;
    %pushi/vec4 6, 0, 5;
    %store/vec4 v00000292e140fef0_0, 0, 5;
    %jmp T_2.32;
T_2.31 ;
    %pushi/vec4 7, 0, 5;
    %store/vec4 v00000292e140fef0_0, 0, 5;
    %jmp T_2.32;
T_2.32 ;
    %pop/vec4 1;
    %jmp T_2.29;
T_2.29 ;
    %pop/vec4 1;
    %jmp T_2.5;
T_2.2 ;
    %pushi/vec4 0, 0, 5;
    %store/vec4 v00000292e140fef0_0, 0, 5;
    %jmp T_2.5;
T_2.3 ;
    %pushi/vec4 0, 0, 5;
    %store/vec4 v00000292e140fef0_0, 0, 5;
    %jmp T_2.5;
T_2.4 ;
    %pushi/vec4 1, 0, 5;
    %store/vec4 v00000292e140fef0_0, 0, 5;
    %jmp T_2.5;
T_2.5 ;
    %pop/vec4 1;
    %jmp T_2;
    .thread T_2, $push;
    .scope S_00000292e13b4900;
T_3 ;
    %fork t_3, S_00000292e13b4a90;
    %jmp t_2;
    .scope S_00000292e13b4a90;
t_3 ;
    %pushi/vec4 0, 0, 32;
    %store/vec4 v00000292e140ef50_0, 0, 32;
T_3.0 ;
    %load/vec4 v00000292e140ef50_0;
    %cmpi/s 32, 0, 32;
    %jmp/0xz T_3.1, 5;
    %pushi/vec4 0, 0, 32;
    %ix/getv/s 4, v00000292e140ef50_0;
    %store/vec4a v00000292e140eb90, 4, 0;
    ; show_stmt_assign_vector: Get l-value for compressed += operand
    %load/vec4 v00000292e140ef50_0;
    %pushi/vec4 1, 0, 32;
    %add;
    %cast2;
    %store/vec4 v00000292e140ef50_0, 0, 32;
    %jmp T_3.0;
T_3.1 ;
    %end;
    .scope S_00000292e13b4900;
t_2 %join;
    %end;
    .thread T_3;
    .scope S_00000292e13b4900;
T_4 ;
    %wait E_00000292e137bbc0;
    %load/vec4 v00000292e140f810_0;
    %load/vec4 v00000292e140fd10_0;
    %pushi/vec4 0, 0, 5;
    %cmp/ne;
    %flag_get/vec4 4;
    %and;
    %flag_set/vec4 8;
    %jmp/0xz  T_4.0, 8;
    %load/vec4 v00000292e140f770_0;
    %load/vec4 v00000292e140fd10_0;
    %pad/u 7;
    %ix/vec4 3;
    %ix/load 4, 0, 0; Constant delay
    %assign/vec4/a/d v00000292e140eb90, 0, 4;
T_4.0 ;
    %jmp T_4;
    .thread T_4;
    .scope S_00000292e13a0040;
T_5 ;
    %wait E_00000292e137c180;
    %load/vec4 v00000292e140f270_0;
    %ix/load 4, 0, 0;
    %flag_set/imm 4, 0;
    %store/vec4 v00000292e1383090_0, 4, 1;
    %fork t_5, S_00000292e139de10;
    %jmp t_4;
    .scope S_00000292e139de10;
t_5 ;
    %pushi/vec4 0, 0, 32;
    %store/vec4 v00000292e1383c70_0, 0, 32;
T_5.0 ;
    %load/vec4 v00000292e1383c70_0;
    %cmpi/s 32, 0, 32;
    %jmp/0xz T_5.1, 5;
    %load/vec4 v00000292e1383770_0;
    %load/vec4 v00000292e1383c70_0;
    %part/s 1;
    %load/vec4 v00000292e1383310_0;
    %load/vec4 v00000292e1383c70_0;
    %part/s 1;
    %load/vec4 v00000292e1383090_0;
    %load/vec4 v00000292e1383c70_0;
    %part/s 1;
    %and;
    %or;
    %load/vec4 v00000292e1383c70_0;
    %addi 1, 0, 32;
    %ix/vec4/s 4;
    %store/vec4 v00000292e1383090_0, 4, 1;
    ; show_stmt_assign_vector: Get l-value for compressed += operand
    %load/vec4 v00000292e1383c70_0;
    %pushi/vec4 1, 0, 32;
    %add;
    %store/vec4 v00000292e1383c70_0, 0, 32;
    %jmp T_5.0;
T_5.1 ;
    %end;
    .scope S_00000292e13a0040;
t_4 %join;
    %load/vec4 v00000292e1383090_0;
    %parti/s 1, 32, 7;
    %store/vec4 v00000292e1383130_0, 0, 1;
    %load/vec4 v00000292e1383130_0;
    %load/vec4 v00000292e1383090_0;
    %parti/s 1, 31, 6;
    %xor;
    %store/vec4 v00000292e140e910_0, 0, 1;
    %jmp T_5;
    .thread T_5, $push;
    .scope S_00000292e13a0040;
T_6 ;
Ewait_1 .event/or E_00000292e137bb00, E_0x0;
    %wait Ewait_1;
    %load/vec4 v00000292e1383270_0;
    %dup/vec4;
    %pushi/vec4 0, 0, 5;
    %cmp/u;
    %jmp/1 T_6.0, 6;
    %dup/vec4;
    %pushi/vec4 1, 0, 5;
    %cmp/u;
    %jmp/1 T_6.1, 6;
    %dup/vec4;
    %pushi/vec4 2, 0, 5;
    %cmp/u;
    %jmp/1 T_6.2, 6;
    %dup/vec4;
    %pushi/vec4 3, 0, 5;
    %cmp/u;
    %jmp/1 T_6.3, 6;
    %dup/vec4;
    %pushi/vec4 4, 0, 5;
    %cmp/u;
    %jmp/1 T_6.4, 6;
    %dup/vec4;
    %pushi/vec4 5, 0, 5;
    %cmp/u;
    %jmp/1 T_6.5, 6;
    %dup/vec4;
    %pushi/vec4 6, 0, 5;
    %cmp/u;
    %jmp/1 T_6.6, 6;
    %dup/vec4;
    %pushi/vec4 7, 0, 5;
    %cmp/u;
    %jmp/1 T_6.7, 6;
    %dup/vec4;
    %pushi/vec4 8, 0, 5;
    %cmp/u;
    %jmp/1 T_6.8, 6;
    %dup/vec4;
    %pushi/vec4 9, 0, 5;
    %cmp/u;
    %jmp/1 T_6.9, 6;
    %pushi/vec4 0, 0, 32;
    %store/vec4 v00000292e13834f0_0, 0, 32;
    %jmp T_6.11;
T_6.0 ;
    %load/vec4 v00000292e140fc70_0;
    %store/vec4 v00000292e13834f0_0, 0, 32;
    %jmp T_6.11;
T_6.1 ;
    %load/vec4 v00000292e140fc70_0;
    %store/vec4 v00000292e13834f0_0, 0, 32;
    %jmp T_6.11;
T_6.2 ;
    %load/vec4 v00000292e1383e50_0;
    %load/vec4 v00000292e1383db0_0;
    %and;
    %store/vec4 v00000292e13834f0_0, 0, 32;
    %jmp T_6.11;
T_6.3 ;
    %load/vec4 v00000292e1383e50_0;
    %load/vec4 v00000292e1383db0_0;
    %or;
    %store/vec4 v00000292e13834f0_0, 0, 32;
    %jmp T_6.11;
T_6.4 ;
    %load/vec4 v00000292e1383e50_0;
    %load/vec4 v00000292e1383db0_0;
    %xor;
    %store/vec4 v00000292e13834f0_0, 0, 32;
    %jmp T_6.11;
T_6.5 ;
    %load/vec4 v00000292e1383e50_0;
    %ix/getv 4, v00000292e1383db0_0;
    %shiftl 4;
    %store/vec4 v00000292e13834f0_0, 0, 32;
    %jmp T_6.11;
T_6.6 ;
    %load/vec4 v00000292e1383e50_0;
    %ix/getv 4, v00000292e1383db0_0;
    %shiftr 4;
    %store/vec4 v00000292e13834f0_0, 0, 32;
    %jmp T_6.11;
T_6.7 ;
    %load/vec4 v00000292e1383e50_0;
    %ix/getv 4, v00000292e1383db0_0;
    %shiftr/s 4;
    %store/vec4 v00000292e13834f0_0, 0, 32;
    %jmp T_6.11;
T_6.8 ;
    %load/vec4 v00000292e1383e50_0;
    %load/vec4 v00000292e1383db0_0;
    %cmp/s;
    %flag_get/vec4 5;
    %pad/u 32;
    %store/vec4 v00000292e13834f0_0, 0, 32;
    %jmp T_6.11;
T_6.9 ;
    %load/vec4 v00000292e1383e50_0;
    %load/vec4 v00000292e1383db0_0;
    %cmp/u;
    %flag_get/vec4 5;
    %pad/u 32;
    %store/vec4 v00000292e13834f0_0, 0, 32;
    %jmp T_6.11;
T_6.11 ;
    %pop/vec4 1;
    %jmp T_6;
    .thread T_6, $push;
    .scope S_00000292e139feb0;
T_7 ;
    %pushi/vec4 1, 0, 1;
    %store/vec4 v00000292e1411b10_0, 0, 1;
    %end;
    .thread T_7, $init;
    .scope S_00000292e13a5eb0;
T_8 ;
    %delay 5, 0;
    %load/vec4 v00000292e1412830_0;
    %inv;
    %store/vec4 v00000292e1412830_0, 0, 1;
    %jmp T_8;
    .thread T_8;
    .scope S_00000292e13a5eb0;
T_9 ;
    %pushi/vec4 0, 0, 1;
    %store/vec4 v00000292e1412830_0, 0, 1;
    %pushi/vec4 1, 0, 1;
    %store/vec4 v00000292e1411f70_0, 0, 1;
    %delay 10, 0;
    %pushi/vec4 0, 0, 1;
    %store/vec4 v00000292e1411f70_0, 0, 1;
    %delay 100, 0;
    %vpi_call/w 3 32 "$display", "Final Result = %0d", v00000292e1411cf0_0 {0 0 0};
    %vpi_call/w 3 35 "$finish" {0 0 0};
    %end;
    .thread T_9;
    .scope S_00000292e13a5eb0;
T_10 ;
    %vpi_call/w 3 40 "$monitor", "Time = %0t | PC = %0d | Result = %0d", $time, v00000292e140fa90_0, v00000292e1411cf0_0 {0 0 0};
    %end;
    .thread T_10;
# The file index is used to find the file name in the following table.
:file_names 10;
    "N/A";
    "<interactive>";
    "-";
    "tb_cpu_core.sv";
    "cpu_core.sv";
    "alu.sv";
    "instruction_decoder.sv";
    "instruction_memory.sv";
    "pc.sv";
    "register_file.sv";
